<?xml version="1.0" encoding="UTF-8"?>
<!-- Generated by org.testng.reporters.JUnitReportReporter -->
<testsuite hostname="LAPTOP-0MO7BOUS" failures="0" tests="1" name="End2EndTTesting.com.practo.BaseClass" time="36.043" errors="0" timestamp="2023-09-26T23:45:08 IST" skipped="0">
  <testcase classname="End2EndTTesting.com.practo.BaseClass" name="print" time="36.043"/>
</testsuite> <!-- End2EndTTesting.com.practo.BaseClass -->
